Starting Model Training on GPU Node: gnode02
Job ID: 845464
{"code":0,"message":"","data":{"pushid":"28113344","readkey":"SCTS9jzR0QmGvlH","error":"SUCCESS","errno":0}}Step 3: Training Hybrid RNN-PINN Model on Fake Data...
Training on: cuda
Loading frozen GRN matrix...
Model parameters: 57,888
Loading dataset from: data/processed/fake_spatial.h5ad
Dataset loaded: 400 beads, seq_len=50

Starting training for 500 epochs
  lambda_data=1.0, lambda_phys=0.1, lambda_fate=5.0
  collocation_points=100, dt=0.02
----------------------------------------------------------------------
Epoch    1 | Total: 35.3096 | Data: 20.3381 | Phys: 15.4310 | Fate: 2.6857 | LR: 1.00e-03 | beta_mean: 0.6707 | gamma_mean: 0.7121
Epoch   10 | Total: 13.0319 | Data: 7.8085 | Phys: 14.5540 | Fate: 0.7536 | LR: 9.99e-04 | beta_mean: 0.5865 | gamma_mean: 0.6130
Epoch   20 | Total: 12.5111 | Data: 7.6021 | Phys: 12.1963 | Fate: 0.7379 | LR: 9.96e-04 | beta_mean: 0.5224 | gamma_mean: 0.5462
Epoch   30 | Total: 11.7501 | Data: 7.2869 | Phys: 9.4289 | Fate: 0.7041 | LR: 9.91e-04 | beta_mean: 0.4494 | gamma_mean: 0.4752
Epoch   40 | Total: 11.3081 | Data: 7.1698 | Phys: 6.3215 | Fate: 0.7012 | LR: 9.84e-04 | beta_mean: 0.3954 | gamma_mean: 0.4255
Epoch   50 | Total: 11.0936 | Data: 7.1661 | Phys: 4.0285 | Fate: 0.7049 | LR: 9.76e-04 | beta_mean: 0.3563 | gamma_mean: 0.3903
Epoch   60 | Total: 10.9166 | Data: 7.1066 | Phys: 2.9223 | Fate: 0.7036 | LR: 9.65e-04 | beta_mean: 0.3201 | gamma_mean: 0.3569
Epoch   70 | Total: 10.6755 | Data: 6.9934 | Phys: 1.4981 | Fate: 0.7065 | LR: 9.52e-04 | beta_mean: 0.2955 | gamma_mean: 0.3342
Epoch   80 | Total: 10.6411 | Data: 6.9775 | Phys: 1.4799 | Fate: 0.7031 | LR: 9.38e-04 | beta_mean: 0.2773 | gamma_mean: 0.3163
Epoch   90 | Total: 10.6275 | Data: 6.9873 | Phys: 1.3534 | Fate: 0.7010 | LR: 9.22e-04 | beta_mean: 0.2596 | gamma_mean: 0.2978
Epoch  100 | Total: 10.3893 | Data: 6.7820 | Phys: 0.8925 | Fate: 0.7036 | LR: 9.05e-04 | beta_mean: 0.2422 | gamma_mean: 0.2797
Epoch  110 | Total: 10.3082 | Data: 6.7127 | Phys: 0.9247 | Fate: 0.7006 | LR: 8.85e-04 | beta_mean: 0.2279 | gamma_mean: 0.2647
Epoch  120 | Total: 10.1694 | Data: 6.5833 | Phys: 0.7889 | Fate: 0.7014 | LR: 8.65e-04 | beta_mean: 0.2132 | gamma_mean: 0.2495
Epoch  130 | Total: 9.9181 | Data: 6.3559 | Phys: 0.5998 | Fate: 0.7005 | LR: 8.42e-04 | beta_mean: 0.1996 | gamma_mean: 0.2343
Epoch  140 | Total: 9.8189 | Data: 6.2696 | Phys: 0.5733 | Fate: 0.6984 | LR: 8.19e-04 | beta_mean: 0.1866 | gamma_mean: 0.2195
Epoch  150 | Total: 9.6386 | Data: 6.0784 | Phys: 0.5212 | Fate: 0.7016 | LR: 7.94e-04 | beta_mean: 0.1768 | gamma_mean: 0.2092
Epoch  160 | Total: 9.4341 | Data: 5.8888 | Phys: 0.4777 | Fate: 0.6995 | LR: 7.68e-04 | beta_mean: 0.1666 | gamma_mean: 0.1983
Epoch  170 | Total: 9.2817 | Data: 5.7463 | Phys: 0.4156 | Fate: 0.6988 | LR: 7.41e-04 | beta_mean: 0.1584 | gamma_mean: 0.1901
Epoch  180 | Total: 9.2082 | Data: 5.6889 | Phys: 0.4149 | Fate: 0.6956 | LR: 7.13e-04 | beta_mean: 0.1492 | gamma_mean: 0.1797
Epoch  190 | Total: 9.0137 | Data: 5.4919 | Phys: 0.3812 | Fate: 0.6967 | LR: 6.84e-04 | beta_mean: 0.1404 | gamma_mean: 0.1700
Epoch  200 | Total: 8.8964 | Data: 5.3823 | Phys: 0.3877 | Fate: 0.6951 | LR: 6.55e-04 | beta_mean: 0.1329 | gamma_mean: 0.1618
Epoch  210 | Total: 8.7199 | Data: 5.1950 | Phys: 0.3868 | Fate: 0.6972 | LR: 6.25e-04 | beta_mean: 0.1266 | gamma_mean: 0.1546
Epoch  220 | Total: 8.5700 | Data: 5.0509 | Phys: 0.3507 | Fate: 0.6968 | LR: 5.94e-04 | beta_mean: 0.1210 | gamma_mean: 0.1484
Epoch  230 | Total: 8.4555 | Data: 4.9453 | Phys: 0.3486 | Fate: 0.6951 | LR: 5.63e-04 | beta_mean: 0.1154 | gamma_mean: 0.1424
Epoch  240 | Total: 8.3190 | Data: 4.8014 | Phys: 0.3546 | Fate: 0.6964 | LR: 5.32e-04 | beta_mean: 0.1104 | gamma_mean: 0.1372
Epoch  250 | Total: 8.2015 | Data: 4.6928 | Phys: 0.3428 | Fate: 0.6949 | LR: 5.00e-04 | beta_mean: 0.1051 | gamma_mean: 0.1314
Epoch  260 | Total: 8.0146 | Data: 4.4780 | Phys: 0.3358 | Fate: 0.7006 | LR: 4.69e-04 | beta_mean: 0.1006 | gamma_mean: 0.1267
Epoch  270 | Total: 7.9395 | Data: 4.4312 | Phys: 0.3412 | Fate: 0.6948 | LR: 4.38e-04 | beta_mean: 0.0963 | gamma_mean: 0.1220
Epoch  280 | Total: 7.8133 | Data: 4.3078 | Phys: 0.3393 | Fate: 0.6943 | LR: 4.07e-04 | beta_mean: 0.0925 | gamma_mean: 0.1177
Epoch  290 | Total: 7.7254 | Data: 4.2183 | Phys: 0.3328 | Fate: 0.6948 | LR: 3.76e-04 | beta_mean: 0.0892 | gamma_mean: 0.1141
Epoch  300 | Total: 7.5675 | Data: 4.0631 | Phys: 0.3329 | Fate: 0.6942 | LR: 3.46e-04 | beta_mean: 0.0858 | gamma_mean: 0.1103
Epoch  310 | Total: 7.4684 | Data: 3.9594 | Phys: 0.3390 | Fate: 0.6950 | LR: 3.17e-04 | beta_mean: 0.0829 | gamma_mean: 0.1069
Epoch  320 | Total: 7.3789 | Data: 3.8709 | Phys: 0.3360 | Fate: 0.6949 | LR: 2.88e-04 | beta_mean: 0.0802 | gamma_mean: 0.1037
Epoch  330 | Total: 7.2805 | Data: 3.7766 | Phys: 0.3332 | Fate: 0.6941 | LR: 2.60e-04 | beta_mean: 0.0777 | gamma_mean: 0.1008
Epoch  340 | Total: 7.1826 | Data: 3.6787 | Phys: 0.3352 | Fate: 0.6941 | LR: 2.33e-04 | beta_mean: 0.0754 | gamma_mean: 0.0981
Epoch  350 | Total: 7.1100 | Data: 3.6036 | Phys: 0.3341 | Fate: 0.6946 | LR: 2.07e-04 | beta_mean: 0.0732 | gamma_mean: 0.0955
Epoch  360 | Total: 7.0365 | Data: 3.5329 | Phys: 0.3289 | Fate: 0.6941 | LR: 1.82e-04 | beta_mean: 0.0711 | gamma_mean: 0.0931
Epoch  370 | Total: 6.9737 | Data: 3.4703 | Phys: 0.3279 | Fate: 0.6941 | LR: 1.59e-04 | beta_mean: 0.0692 | gamma_mean: 0.0910
Epoch  380 | Total: 6.9145 | Data: 3.4109 | Phys: 0.3300 | Fate: 0.6941 | LR: 1.36e-04 | beta_mean: 0.0677 | gamma_mean: 0.0893
Epoch  390 | Total: 6.8847 | Data: 3.3788 | Phys: 0.3298 | Fate: 0.6946 | LR: 1.16e-04 | beta_mean: 0.0662 | gamma_mean: 0.0876
Epoch  400 | Total: 6.8374 | Data: 3.3353 | Phys: 0.3225 | Fate: 0.6940 | LR: 9.64e-05 | beta_mean: 0.0650 | gamma_mean: 0.0861
Epoch  410 | Total: 6.7974 | Data: 3.2955 | Phys: 0.3308 | Fate: 0.6938 | LR: 7.88e-05 | beta_mean: 0.0639 | gamma_mean: 0.0849
Epoch  420 | Total: 6.7606 | Data: 3.2593 | Phys: 0.3274 | Fate: 0.6937 | LR: 6.28e-05 | beta_mean: 0.0629 | gamma_mean: 0.0837
Epoch  430 | Total: 6.7334 | Data: 3.2306 | Phys: 0.3229 | Fate: 0.6941 | LR: 4.85e-05 | beta_mean: 0.0622 | gamma_mean: 0.0828
Epoch  440 | Total: 6.7136 | Data: 3.2118 | Phys: 0.3300 | Fate: 0.6938 | LR: 3.61e-05 | beta_mean: 0.0616 | gamma_mean: 0.0821
Epoch  450 | Total: 6.6953 | Data: 3.1945 | Phys: 0.3243 | Fate: 0.6937 | LR: 2.54e-05 | beta_mean: 0.0612 | gamma_mean: 0.0815
Epoch  460 | Total: 6.6829 | Data: 3.1823 | Phys: 0.3263 | Fate: 0.6936 | LR: 1.67e-05 | beta_mean: 0.0608 | gamma_mean: 0.0811
Epoch  470 | Total: 6.6718 | Data: 3.1712 | Phys: 0.3261 | Fate: 0.6936 | LR: 9.85e-06 | beta_mean: 0.0606 | gamma_mean: 0.0808
Epoch  480 | Total: 6.6659 | Data: 3.1652 | Phys: 0.3280 | Fate: 0.6936 | LR: 4.94e-06 | beta_mean: 0.0605 | gamma_mean: 0.0807
Epoch  490 | Total: 6.6628 | Data: 3.1624 | Phys: 0.3259 | Fate: 0.6936 | LR: 1.99e-06 | beta_mean: 0.0605 | gamma_mean: 0.0806
Epoch  500 | Total: 6.6614 | Data: 3.1612 | Phys: 0.3249 | Fate: 0.6936 | LR: 1.00e-06 | beta_mean: 0.0604 | gamma_mean: 0.0806
----------------------------------------------------------------------
Training complete. Best total loss: 6.6614
Checkpoints saved to: checkpoints/
Training Complete. Model weights saved.
{"code":0,"message":"","data":{"pushid":"28115098","readkey":"SCT2XOdn5YOMqoO","error":"SUCCESS","errno":0}}