Traceback (most recent call last):
  File "/home/qukungroup/odorn/spatial_mechanistic_model/scripts/03_train_model.py", line 297, in <module>
    main()
  File "/home/qukungroup/odorn/spatial_mechanistic_model/scripts/03_train_model.py", line 254, in main
    losses = train_one_epoch(model, dataloader, optimizer, config, device, epoch)
  File "/home/qukungroup/odorn/spatial_mechanistic_model/scripts/03_train_model.py", line 142, in train_one_epoch
    result = model(u_seq, collocation_t=collocation_t)
  File "/home/qukungroup/odorn/miniconda3/envs/gdl_env/lib/python3.10/site-packages/torch/nn/modules/module.py", line 1751, in _wrapped_call_impl
    return self._call_impl(*args, **kwargs)
  File "/home/qukungroup/odorn/miniconda3/envs/gdl_env/lib/python3.10/site-packages/torch/nn/modules/module.py", line 1762, in _call_impl
    return forward_call(*args, **kwargs)
  File "/home/qukungroup/odorn/spatial_mechanistic_model/scripts/../src/models/hybrid_pinn.py", line 109, in forward
    h_seq = self.rnn(u_seq)  # (Batch, Seq_Len, Num_TFs)
  File "/home/qukungroup/odorn/miniconda3/envs/gdl_env/lib/python3.10/site-packages/torch/nn/modules/module.py", line 1751, in _wrapped_call_impl
    return self._call_impl(*args, **kwargs)
  File "/home/qukungroup/odorn/miniconda3/envs/gdl_env/lib/python3.10/site-packages/torch/nn/modules/module.py", line 1762, in _call_impl
    return forward_call(*args, **kwargs)
  File "/home/qukungroup/odorn/spatial_mechanistic_model/scripts/../src/models/rnn_core.py", line 43, in forward
    forcing = self.input_layer(u_t)
  File "/home/qukungroup/odorn/miniconda3/envs/gdl_env/lib/python3.10/site-packages/torch/nn/modules/module.py", line 1751, in _wrapped_call_impl
    return self._call_impl(*args, **kwargs)
  File "/home/qukungroup/odorn/miniconda3/envs/gdl_env/lib/python3.10/site-packages/torch/nn/modules/module.py", line 1762, in _call_impl
    return forward_call(*args, **kwargs)
  File "/home/qukungroup/odorn/miniconda3/envs/gdl_env/lib/python3.10/site-packages/torch/nn/modules/linear.py", line 125, in forward
    return F.linear(input, self.weight, self.bias)
RuntimeError: mat1 and mat2 shapes cannot be multiplied (16x2 and 50x50)
